<?xml version="1.0" encoding="UTF-8"?>
<!-- Generated by org.testng.reporters.JUnitReportReporter -->
<testsuite hostname="DESKTOP-BERM9FC" failures="0" tests="5" name="com.facebook.qa.testcases.FindFriendsPageTest" time="83.305" errors="0" timestamp="2023-09-27T16:57:29 IST" skipped="0">
  <testcase classname="com.facebook.qa.testcases.FindFriendsPageTest" name="verifyFriendsPageTitleTest" time="15.740"/>
  <testcase classname="com.facebook.qa.testcases.FindFriendsPageTest" name="ClickOnFriendRequestLinkTest" time="15.474"/>
  <testcase classname="com.facebook.qa.testcases.FindFriendsPageTest" name="ClickOnSuggestionsLinkTest" time="14.218"/>
  <testcase classname="com.facebook.qa.testcases.FindFriendsPageTest" name="ClickOnBirthdayLinkTest" time="15.349"/>
  <testcase classname="com.facebook.qa.testcases.FindFriendsPageTest" name="ClickOnCustomListsLinkTest" time="22.524"/>
</testsuite> <!-- com.facebook.qa.testcases.FindFriendsPageTest -->
