<?xml version="1.0" encoding="UTF-8"?>
<!-- Generated by org.testng.reporters.JUnitReportReporter -->
<testsuite hostname="DESKTOP-BERM9FC" failures="0" tests="2" name="com.facebook.qa.testcases.LoginPageTest" time="20.061" errors="0" timestamp="2023-09-27T17:32:22 IST" skipped="0">
  <testcase classname="com.facebook.qa.testcases.LoginPageTest" name="loginPageTitleTest" time="9.689"/>
  <testcase classname="com.facebook.qa.testcases.LoginPageTest" name="loginTest" time="10.372"/>
</testsuite> <!-- com.facebook.qa.testcases.LoginPageTest -->
