<?xml version="1.0" encoding="UTF-8"?>
<!-- Generated by org.testng.reporters.JUnitReportReporter -->
<testsuite hostname="DESKTOP-BERM9FC" failures="0" tests="1" name="com.facebook.qa.testcases.HomePageTest" time="16.386" errors="0" timestamp="2023-09-27T18:57:50 IST" skipped="0">
  <testcase classname="com.facebook.qa.testcases.HomePageTest" name="verifyProfileNameTest" time="16.386"/>
</testsuite> <!-- com.facebook.qa.testcases.HomePageTest -->
